<?xml version="1.0" encoding="UTF-8"?>
<!-- Generated by org.testng.reporters.JUnitReportReporter -->
<testsuite hostname="DESKTOP-S99UOC8" failures="1" tests="1" name="com.zerobank.runners.TestRunner_File" time="35.795" errors="0" timestamp="2025-03-20T11:59:28 IST" skipped="0">
  <testcase classname="com.zerobank.runners.TestRunner_File" name="runScenario" time="35.795">
    <failure message="expected [true] but found [false]" type="java.lang.AssertionError">
      <![CDATA[java.lang.AssertionError: expected [true] but found [false]
at org.testng.Assert.fail(Assert.java:111)
at org.testng.Assert.failNotEquals(Assert.java:1578)
at org.testng.Assert.assertTrue(Assert.java:57)
at org.testng.Assert.assertTrue(Assert.java:67)
at com.zerobank.steps.PayBillsStepDefinations.error_message_should_be_displayed(PayBillsStepDefinations.java:93)
at âœ½.Error message "All fields are required." should be displayed(file:///C:/Users/HP/eclipse-workspace/selenium-workspace/zero-bank-capstone/src/test/resources/features/BillPayment.feature:46)
]]>
    </failure>
  </testcase> <!-- runScenario -->
</testsuite> <!-- com.zerobank.runners.TestRunner_File -->
